Watching for file changes with StatReloader
Watching for file changes with StatReloader
Internal Server Error: /swagger/
Traceback (most recent call last):
  File "/usr/local/lib/python3.9/site-packages/django/core/handlers/exception.py", line 55, in inner
    response = get_response(request)
  File "/usr/local/lib/python3.9/site-packages/django/core/handlers/base.py", line 220, in _get_response
    response = response.render()
  File "/usr/local/lib/python3.9/site-packages/django/template/response.py", line 114, in render
    self.content = self.rendered_content
  File "/usr/local/lib/python3.9/site-packages/rest_framework/response.py", line 74, in rendered_content
    ret = renderer.render(self.data, accepted_media_type, context)
  File "/usr/local/lib/python3.9/site-packages/drf_yasg/renderers.py", line 79, in render
    return render_to_string(self.template, renderer_context, renderer_context['request'])
  File "/usr/local/lib/python3.9/site-packages/django/template/loader.py", line 61, in render_to_string
    template = get_template(template_name, using=using)
  File "/usr/local/lib/python3.9/site-packages/django/template/loader.py", line 19, in get_template
    raise TemplateDoesNotExist(template_name, chain=chain)
django.template.exceptions.TemplateDoesNotExist: drf-yasg/swagger-ui.html
"GET /swagger/ HTTP/1.1" 500 82943
Not Found: /favicon.ico
"GET /favicon.ico HTTP/1.1" 404 2483
/app/event_reminder/settings.py changed, reloading.
Watching for file changes with StatReloader
"GET /swagger/ HTTP/1.1" 200 2221
"GET /static/drf-yasg/style.css HTTP/1.1" 200 1047
"GET /static/drf-yasg/insQ.min.js HTTP/1.1" 200 2093
"GET /static/drf-yasg/swagger-ui-init.js HTTP/1.1" 200 15480
"GET /static/drf-yasg/swagger-ui-dist/swagger-ui.css HTTP/1.1" 200 145206
"GET /static/drf-yasg/immutable.min.js HTTP/1.1" 200 56904
"GET /static/drf-yasg/swagger-ui-dist/swagger-ui-standalone-preset.js HTTP/1.1" 200 322863
"GET /static/drf-yasg/swagger-ui-dist/swagger-ui-bundle.js HTTP/1.1" 200 1046583
"GET /swagger/?format=openapi HTTP/1.1" 200 3360
"GET /static/drf-yasg/swagger-ui-dist/favicon-32x32.png HTTP/1.1" 200 628
"GET /api/events/ HTTP/1.1" 200 2
Creating a new event with data: {'title': 'string', 'description': 'string', 'date': '2024-10-19', 'time': 'string', 'category': {'name': 'string'}, 'reminder_time': '2024-10-19T07:07:39.192Z'}
Bad Request: /api/events/
"POST /api/events/ HTTP/1.1" 400 90
Creating a new event with data: {'title': 'string', 'description': 'string', 'date': '2024-10-19', 'time': '14:30', 'category': {'name': 'string'}, 'reminder_time': '2024-10-19T07:07:39.192Z'}
Internal Server Error: /api/events/
Traceback (most recent call last):
  File "/usr/local/lib/python3.9/site-packages/django/core/handlers/exception.py", line 55, in inner
    response = get_response(request)
  File "/usr/local/lib/python3.9/site-packages/django/core/handlers/base.py", line 197, in _get_response
    response = wrapped_callback(request, *callback_args, **callback_kwargs)
  File "/usr/local/lib/python3.9/site-packages/django/views/decorators/csrf.py", line 56, in wrapper_view
    return view_func(*args, **kwargs)
  File "/usr/local/lib/python3.9/site-packages/rest_framework/viewsets.py", line 124, in view
    return self.dispatch(request, *args, **kwargs)
  File "/usr/local/lib/python3.9/site-packages/rest_framework/views.py", line 509, in dispatch
    response = self.handle_exception(exc)
  File "/usr/local/lib/python3.9/site-packages/rest_framework/views.py", line 469, in handle_exception
    self.raise_uncaught_exception(exc)
  File "/usr/local/lib/python3.9/site-packages/rest_framework/views.py", line 480, in raise_uncaught_exception
    raise exc
  File "/usr/local/lib/python3.9/site-packages/rest_framework/views.py", line 506, in dispatch
    response = handler(request, *args, **kwargs)
  File "/app/events/views.py", line 18, in create
    return super().create(request, *args, **kwargs)
  File "/usr/local/lib/python3.9/site-packages/rest_framework/mixins.py", line 19, in create
    self.perform_create(serializer)
  File "/usr/local/lib/python3.9/site-packages/rest_framework/mixins.py", line 24, in perform_create
    serializer.save()
  File "/usr/local/lib/python3.9/site-packages/rest_framework/serializers.py", line 208, in save
    self.instance = self.create(validated_data)
  File "/usr/local/lib/python3.9/site-packages/rest_framework/serializers.py", line 975, in create
    raise_errors_on_nested_writes('create', self, validated_data)
  File "/usr/local/lib/python3.9/site-packages/rest_framework/serializers.py", line 840, in raise_errors_on_nested_writes
    assert not any(
AssertionError: The `.create()` method does not support writable nested fields by default.
Write an explicit `.create()` method for serializer `events.serializers.EventSerializer`, or set `read_only=True` on nested serializer fields.
"POST /api/events/ HTTP/1.1" 500 15362
/app/events/serializers.py changed, reloading.
Watching for file changes with StatReloader
Creating a new event with data: {'title': 'Team Meeting', 'description': 'Monthly team sync-up meeting.', 'date': '2024-10-19', 'time': '14:30', 'category': {'name': 'Work'}, 'reminder_time': '2024-10-19T14:00:00Z'}
"POST /api/events/ HTTP/1.1" 201 188
Creating a new event with data: {'title': 'Team Meeting2', 'description': 'Monthly team sync-up meeting.', 'date': '2024-10-19', 'time': '14:45', 'category': {'name': 'Work'}, 'reminder_time': '2024-10-19T14:00:00Z'}
"POST /api/events/ HTTP/1.1" 201 189
"GET /api/events/category/Work/ HTTP/1.1" 200 380
"GET /api/events/category/work/ HTTP/1.1" 200 2
"GET /api/events/upcoming/ HTTP/1.1" 200 380
"GET /api/events/1/ HTTP/1.1" 200 188
"PUT /api/events/1/ HTTP/1.1" 200 188
"GET /api/events/upcoming/ HTTP/1.1" 200 380
"PUT /api/events/1/ HTTP/1.1" 200 188
"GET /api/events/upcoming/ HTTP/1.1" 200 191
"PATCH /api/events/1/ HTTP/1.1" 200 189
"PATCH /api/events/1/ HTTP/1.1" 200 188
"DELETE /api/events/2/ HTTP/1.1" 204 0
Creating a new event with data: {'title': 'New Event', 'description': 'Creating a new event', 'date': '2024-10-20', 'time': '15:00', 'category': {'name': 'Personal'}, 'reminder_time': '2024-10-19T09:26:05.165964+00:00'}
Creating a new event with data: {'title': 'New Event', 'description': 'Creating a new event', 'date': '2024-10-20', 'time': '15:00', 'category': {'name': 'Personal'}, 'reminder_time': '2024-10-19T09:26:35.834244+00:00'}
Creating a new event with data: {'title': 'New Event', 'description': 'Creating a new event', 'date': '2024-10-20', 'time': '15:00', 'category': {'name': 'Personal'}, 'reminder_time': '2024-10-19T09:27:38.309481+00:00'}
Creating a new event with data: {'title': 'New Health Event', 'description': 'Event with existing category', 'date': '2024-10-20', 'time': '12:00', 'category': {'name': 'Health'}, 'reminder_time': '2024-10-19T09:28:30.558400+00:00'}
Creating a new event with data: {'title': 'Event Without Category', 'description': 'Should fail', 'date': '2024-10-19', 'time': '10:00', 'reminder_time': '2024-10-19T08:28:30.568962+00:00'}
Bad Request: /api/events/
Creating a new event with data: {'title': 'New Event', 'description': 'Creating a new event', 'date': '2024-10-20', 'time': '15:00', 'category': {'name': 'Personal'}, 'reminder_time': '2024-10-19T09:28:30.625863+00:00'}
/app/events/views.py changed, reloading.
Watching for file changes with StatReloader
/app/events/views.py changed, reloading.
Watching for file changes with StatReloader
Creating a new event with data: {'title': 'New Health Event', 'description': 'Event with existing category', 'date': '2024-10-20', 'time': '12:00', 'category': {'name': 'Health'}, 'reminder_time': '2024-10-19T09:36:28.234017+00:00'}
Creating a new event with data: {'title': 'Event Without Category', 'description': 'Should fail', 'date': '2024-10-19', 'time': '10:00', 'reminder_time': '2024-10-19T08:36:28.245425+00:00'}
Bad Request: /api/events/
Creating a new event with data: {'title': 'New Event', 'description': 'Creating a new event', 'date': '2024-10-20', 'time': '15:00', 'category': {'name': 'Personal'}, 'reminder_time': '2024-10-19T09:36:28.303737+00:00'}
Creating a new event with data: {'title': 'New Health Event', 'description': 'Event with existing category', 'date': '2024-10-20', 'time': '12:00', 'category': {'name': 'Health'}, 'reminder_time': '2024-10-19T09:36:50.240293+00:00'}
Creating a new event with data: {'title': 'Event Without Category', 'description': 'Should fail', 'date': '2024-10-19', 'time': '10:00', 'reminder_time': '2024-10-19T08:36:50.250593+00:00'}
Bad Request: /api/events/
Creating a new event with data: {'title': 'New Event', 'description': 'Creating a new event', 'date': '2024-10-20', 'time': '15:00', 'category': {'name': 'Personal'}, 'reminder_time': '2024-10-19T09:36:50.307206+00:00'}
Creating a new event with data: {'title': 'New Health Event', 'description': 'Event with existing category', 'date': '2024-10-20', 'time': '12:00', 'category': {'name': 'Health'}, 'reminder_time': '2024-10-19T09:38:04.617766+00:00'}
Creating a new event with data: {'title': 'Event Without Category', 'description': 'Should fail', 'date': '2024-10-19', 'time': '10:00', 'reminder_time': '2024-10-19T08:38:04.628571+00:00'}
Bad Request: /api/events/
Creating a new event with data: {'title': 'New Event', 'description': 'Creating a new event', 'date': '2024-10-20', 'time': '15:00', 'category': {'name': 'Personal'}, 'reminder_time': '2024-10-19T09:38:04.689397+00:00'}
Watching for file changes with StatReloader
"GET /api/events/ HTTP/1.1" 200 190
Creating a new event with data: {'title': 'Team Meeting2', 'description': 'Monthly team sync-up meeting.', 'date': '2024-10-19', 'time': '14:45', 'category': {'name': 'Work'}, 'reminder_time': '2024-10-19T14:00:00Z'}
"POST /api/events/ HTTP/1.1" 201 189
"GET /api/events/category/work/ HTTP/1.1" 200 2
"GET /api/events/category/Work/ HTTP/1.1" 200 380
"GET /api/events/upcoming/ HTTP/1.1" 200 191
"GET /api/events/1/ HTTP/1.1" 200 188
"PUT /api/events/1/ HTTP/1.1" 200 188
"PATCH /api/events/1/ HTTP/1.1" 200 188
Watching for file changes with StatReloader
"PATCH /api/events/1/ HTTP/1.1" 200 188
Creating a new event with data: {'title': 'New Health Event', 'description': 'Event with existing category', 'date': '2024-10-20', 'time': '12:00', 'category': {'name': 'Health'}, 'reminder_time': '2024-10-19T10:05:46.951455+00:00'}
Creating a new event with data: {'title': 'Event Without Category', 'description': 'Should fail', 'date': '2024-10-19', 'time': '10:00', 'reminder_time': '2024-10-19T09:05:46.961273+00:00'}
Bad Request: /api/events/
Creating a new event with data: {'title': 'New Event', 'description': 'Creating a new event', 'date': '2024-10-20', 'time': '15:00', 'category': {'name': 'Personal'}, 'reminder_time': '2024-10-19T10:05:47.019388+00:00'}
